<?xml version="1.0" encoding="UTF-8"?>
<testng-results skipped="0" failed="0" ignored="0" total="1" passed="1">
  <reporter-output>
  </reporter-output>
  <suite name="Regression" duration-ms="9373" started-at="2021-11-29T20:08:44 ICT" finished-at="2021-11-29T20:08:53 ICT">
    <groups>
    </groups>
    <test name="authentication" duration-ms="9373" started-at="2021-11-29T20:08:44 ICT" finished-at="2021-11-29T20:08:53 ICT">
      <class name="test.authentication.LoginTest">
        <test-method status="PASS" signature="loginWithCorrectCreds()[pri:0, instance:test.authentication.LoginTest@1efed156]" name="loginWithCorrectCreds" duration-ms="9349" started-at="2021-11-29T20:08:44 ICT" finished-at="2021-11-29T20:08:53 ICT">
          <reporter-output>
          </reporter-output>
        </test-method> <!-- loginWithCorrectCreds -->
      </class> <!-- test.authentication.LoginTest -->
    </test> <!-- authentication -->
  </suite> <!-- Regression -->
</testng-results>
